
### Kemerer (15 projects, 5 decisions)
Running for Kemerer, rep = 1, fold = 0
Running for Kemerer, rep = 1, fold = 1
Running for Kemerer, rep = 1, fold = 2
Running for Kemerer, rep = 2, fold = 0
Running for Kemerer, rep = 2, fold = 1
Running for Kemerer, rep = 2, fold = 2
Running for Kemerer, rep = 3, fold = 0
Running for Kemerer, rep = 3, fold = 1
Running for Kemerer, rep = 3, fold = 2
Running for Kemerer, rep = 4, fold = 0
Running for Kemerer, rep = 4, fold = 1
Running for Kemerer, rep = 4, fold = 2
Running for Kemerer, rep = 5, fold = 0
Running for Kemerer, rep = 5, fold = 1
Running for Kemerer, rep = 5, fold = 2
Running for Kemerer, rep = 6, fold = 0
Running for Kemerer, rep = 6, fold = 1
Running for Kemerer, rep = 6, fold = 2
Running for Kemerer, rep = 7, fold = 0
Running for Kemerer, rep = 7, fold = 1
Running for Kemerer, rep = 7, fold = 2
Running for Kemerer, rep = 8, fold = 0
Running for Kemerer, rep = 8, fold = 1
Running for Kemerer, rep = 8, fold = 2
Running for Kemerer, rep = 9, fold = 0
Running f
### Albrecht (24 projects, 5 decisions)
Running for Albrecht, rep = 1, fold = 0
Running for Albrecht, rep = 1, fold = 1
Running for Albrecht, rep = 1, fold = 2
Running for Albrecht, rep = 2, fold = 0
Running for Albrecht, rep = 2, fold = 1
Running for Albrecht, rep = 2, fold = 2
Running for Albrecht, rep = 3, fold = 0
Running for Albrecht, rep = 3, fold = 1
Running for Albrecht, rep = 3, fold = 2
Running for Albrecht, rep = 4, fold = 0
Running for Albrecht, rep = 4, fold = 1
Running for Albrecht, rep = 4, fold = 2
Running for Albrecht, rep = 5, fold = 0
Running for Albrecht, rep = 5, fold = 1
Running for Albrecht, rep = 5, fold = 2
Running for Albrecht, rep = 6, fold = 0
Running for Albrecht, rep = 6, fold = 1
Running for Albrecht, rep = 6, fold = 2
Running for Albrecht, rep = 7, fold = 0
Running for Albrecht, rep = 7, fold = 1
Running for Albrecht, rep = 7, fold = 2
Running for Albrecht, rep = 8, fold = 0
Running for Albrecht, rep = 8, fold = 1
Running for Albrecht, rep = 8, fold = 2
Running for Albrecht, r
### Finnish (38 projects, 4 decisions)
Running for Finnish, rep = 1, fold = 0
Running for Finnish, rep = 1, fold = 1
Running for Finnish, rep = 1, fold = 2
Running for Finnish, rep = 2, fold = 0
Running for Finnish, rep = 2, fold = 1
Running for Finnish, rep = 2, fold = 2
Running for Finnish, rep = 3, fold = 0
Running for Finnish, rep = 3, fold = 1
Running for Finnish, rep = 3, fold = 2
Running for Finnish, rep = 4, fold = 0
Running for Finnish, rep = 4, fold = 1
Running for Finnish, rep = 4, fold = 2
Running for Finnish, rep = 5, fold = 0
Running for Finnish, rep = 5, fold = 1
Running for Finnish, rep = 5, fold = 2
Running for Finnish, rep = 6, fold = 0
Running for Finnish, rep = 6, fold = 1
Running for Finnish, rep = 6, fold = 2
Running for Finnish, rep = 7, fold = 0
Running for Finnish, rep = 7, fold = 1
Running for Finnish, rep = 7, fold = 2
Running for Finnish, rep = 8, fold = 0
Running for Finnish, rep = 8, fold = 1
Running for Finnish, rep = 8, fold = 2
Running for Finnish, rep = 9, fold = 0
Running for Kemerer, rep = 9, fold = 1
Running for Kemerer, rep = 9, fold = 2
Running for Kemerer, rep = 10, fold = 0
Running for Kemerer, rep = 10, fold = 1
Running for Kemerer, rep = 10, fold = 2
Running for Kemerer, rep = 11, fold = 0
Running for Kemerer, rep = 11, fold = 1
Running for Kemerer, rep = 11, fold = 2
Running for Kemerer, rep = 12, fold = 0
Running for Kemerer, rep = 12, fold = 1
Running for Kemerer, rep = 12, fold = 2
Running for Kemerer, rep = 13, fold = 0
Running for Kemerer, rep = 13, fold = 1
Running for Kemerer, rep = 13, fold = 2
Running for Kemerer, rep = 14, fold = 0
Running for Kemerer, rep = 14, fold = 1
Running for Kemerer, rep = 14, fold = 2
Running for Kemerer, rep = 15, fold = 0
Running for Kemerer, rep = 15, fold = 1
Running for Kemerer, rep = 15, fold = 2
Running for Kemerer, rep = 16, fold = 0
Running for Kemerer, rep = 16, fold = 1
Running for Kemerer, rep = 16, fold = 2
Running for Kemerer, rep = 17, fold = 0
Running for Kemerer, rep = 17, fold = 1
Running for Kemerer, rep = 17, fold
### Miyazaki (48 projects, 4 decisions)
Running for Miyazaki, rep = 1, fold = 0
Running for Miyazaki, rep = 1, fold = 1
Running for Miyazaki, rep = 1, fold = 2
Running for Miyazaki, rep = 1, fold = 3
Running for Miyazaki, rep = 1, fold = 4
Running for Miyazaki, rep = 1, fold = 5
Running for Miyazaki, rep = 1, fold = 6
Running for Miyazaki, rep = 1, fold = 7
Running for Miyazaki, rep = 1, fold = 8
Running for Miyazaki, rep = 1, fold = 9
Running for Miyazaki, rep = 2, fold = 0
Running for Miyazaki, rep = 2, fold = 1
Running for Miyazaki, rep = 2, fold = 2
Running for Miyazaki, rep = 2, fold = 3
Running for Miyazaki, rep = 2, fold = 4
Running for Miyazaki, rep = 2, fold = 5
Running for Miyazaki, rep = 2, fold = 6
Running for Miyazaki, rep = 2, fold = 7
Running for Miyazaki, rep = 2, fold = 8
Running for Miyazaki, rep = 2, fold = 9
Running for Miyazaki, rep = 3, fold = 0
Running for Miyazaki, rep = 3, fold = 1
Running for Miyazaki, rep = 3, fold = 2
Running for Miyazaki, rep = 3, fold = 3
Running for Miyazaki, r
### ISBSG10 (37 projects, 11 decisions)
Running for ISBSG10, rep = 1, fold = 0
Running for ISBSG10, rep = 1, fold = 1
Running for ISBSG10, rep = 1, fold = 2
Running for ISBSG10, rep = 2, fold = 0
Running for ISBSG10, rep = 2, fold = 1
Running for ISBSG10, rep = 2, fold = 2
Running for ISBSG10, rep = 3, fold = 0
Running for ISBSG10, rep = 3, fold = 1
Running for ISBSG10, rep = 3, fold = 2
Running for ISBSG10, rep = 4, fold = 0
Running for ISBSG10, rep = 4, fold = 1
Running for ISBSG10, rep = 4, fold = 2
Running for ISBSG10, rep = 5, fold = 0
Running for ISBSG10, rep = 5, fold = 1
Running for ISBSG10, rep = 5, fold = 2
Running for ISBSG10, rep = 6, fold = 0
Running for ISBSG10, rep = 6, fold = 1
Running for ISBSG10, rep = 6, fold = 2
Running for ISBSG10, rep = 7, fold = 0
Running for ISBSG10, rep = 7, fold = 1
Running for ISBSG10, rep = 7, fold = 2
Running for ISBSG10, rep = 8, fold = 0
Running for ISBSG10, rep = 8, fold = 1
Running for ISBSG10, rep = 8, fold = 2
Running for ISBSG10, rep = 9, fold = 0
Running ep = 9, fold = 0
Running for Albrecht, rep = 9, fold = 1
Running for Albrecht, rep = 9, fold = 2
Running for Albrecht, rep = 10, fold = 0
Running for Albrecht, rep = 10, fold = 1
Running for Albrecht, rep = 10, fold = 2
Running for Albrecht, rep = 11, fold = 0
Running for Albrecht, rep = 11, fold = 1
Running for Albrecht, rep = 11, fold = 2
Running for Albrecht, rep = 12, fold = 0
Running for Albrecht, rep = 12, fold = 1
Running for Albrecht, rep = 12, fold = 2
Running for Albrecht, rep = 13, fold = 0
Running for Albrecht, rep = 13, fold = 1
Running for Albrecht, rep = 13, fold = 2
Running for Albrecht, rep = 14, fold = 0
Running for Albrecht, rep = 14, fold = 1
Running for Albrecht, rep = 14, fold = 2
Running for Albrecht, rep = 15, fold = 0
Running for Albrecht, rep = 15, fold = 1
Running for Albrecht, rep = 15, fold = 2
Running for Albrecht, rep = 16, fold = 0
Running for Albrecht, rep = 16, fold = 1
Running for Albrecht, rep = 16, fold = 2
Running for Albrecht, rep = 17, fold = 0
Running for Albrecht, repor Finnish, rep = 9, fold = 1
Running for Finnish, rep = 9, fold = 2
Running for Finnish, rep = 10, fold = 0
Running for Finnish, rep = 10, fold = 1
Running for Finnish, rep = 10, fold = 2
Running for Finnish, rep = 11, fold = 0
Running for Finnish, rep = 11, fold = 1
Running for Finnish, rep = 11, fold = 2
Running for Finnish, rep = 12, fold = 0
Running for Finnish, rep = 12, fold = 1
Running for Finnish, rep = 12, fold = 2
Running for Finnish, rep = 13, fold = 0
Running for Finnish, rep = 13, fold = 1
Running for Finnish, rep = 13, fold = 2
Running for Finnish, rep = 14, fold = 0
Running for Finnish, rep = 14, fold = 1
Running for Finnish, rep = 14, fold = 2
Running for Finnish, rep = 15, fold = 0
Running for Finnish, rep = 15, fold = 1
Running for Finnish, rep = 15, fold = 2
Running for Finnish, rep = 16, fold = 0
Running for Finnish, rep = 16, fold = 1
Running for Finnish, rep = 16, fold = 2
Running for Finnish, rep = 17, fold = 0
Running for Finnish, rep = 17, fold = 1
Running for Finnish, rep = 17, fold
### Desharnais (77 projects, 5 decisions)
Running for Desharnais, rep = 1, fold = 0
Running for Desharnais, rep = 1, fold = 1
Running for Desharnais, rep = 1, fold = 2
Running for Desharnais, rep = 1, fold = 3
Running for Desharnais, rep = 1, fold = 4
Running for Desharnais, rep = 1, fold = 5
Running for Desharnais, rep = 1, fold = 6
Running for Desharnais, rep = 1, fold = 7
Running for Desharnais, rep = 1, fold = 8
Running for Desharnais, rep = 1, fold = 9
Running for Desharnais, rep = 2, fold = 0
Running for Desharnais, rep = 2, fold = 1
Running for Desharnais, rep = 2, fold = 2
Running for Desharnais, rep = 2, fold = 3
Running for Desharnais, rep = 2, fold = 4
Running for Desharnais, rep = 2, fold = 5
Running for Desharnais, rep = 2, fold = 6
Running for Desharnais, rep = 2, fold = 7
Running for Desharnais, rep = 2, fold = 8
Running for Desharnais, rep = 2, fold = 9
Running for Desharnais, rep = 3, fold = 0
Running for Desharnais, rep = 3, fold = 1
Running for Desharnais, rep = 3, fold = 2
Running for Desep = 3, fold = 4
Running for Miyazaki, rep = 3, fold = 5
Running for Miyazaki, rep = 3, fold = 6
Running for Miyazaki, rep = 3, fold = 7
Running for Miyazaki, rep = 3, fold = 8
Running for Miyazaki, rep = 3, fold = 9
Running for Miyazaki, rep = 4, fold = 0
Running for Miyazaki, rep = 4, fold = 1
Running for Miyazaki, rep = 4, fold = 2
Running for Miyazaki, rep = 4, fold = 3
Running for Miyazaki, rep = 4, fold = 4
Running for Miyazaki, rep = 4, fold = 5
Running for Miyazaki, rep = 4, fold = 6
Running for Miyazaki, rep = 4, fold = 7
Running for Miyazaki, rep = 4, fold = 8
Running for Miyazaki, rep = 4, fold = 9
Running for Miyazaki, rep = 5, fold = 0
Running for Miyazaki, rep = 5, fold = 1
Running for Miyazaki, rep = 5, fold = 2
Running for Miyazaki, rep = 5, fold = 3
Running for Miyazaki, rep = 5, fold = 4
Running for Miyazaki, rep = 5, fold = 5
Running for Miyazaki, rep = 5, fold = 6
Running for Miyazaki, rep = 5, fold = 7
Running for Miyazaki, rep = 5, fold = 8
Running for Miyazaki, rep = 5, fold = 9
Runningfor ISBSG10, rep = 9, fold = 1
Running for ISBSG10, rep = 9, fold = 2
Running for ISBSG10, rep = 10, fold = 0
Running for ISBSG10, rep = 10, fold = 1
Running for ISBSG10, rep = 10, fold = 2
Running for ISBSG10, rep = 11, fold = 0
Running for ISBSG10, rep = 11, fold = 1
Running for ISBSG10, rep = 11, fold = 2
Running for ISBSG10, rep = 12, fold = 0
Running for ISBSG10, rep = 12, fold = 1
Running for ISBSG10, rep = 12, fold = 2
Running for ISBSG10, rep = 13, fold = 0
Running for ISBSG10, rep = 13, fold = 1
Running for ISBSG10, rep = 13, fold = 2
Running for ISBSG10, rep = 14, fold = 0
Running for ISBSG10, rep = 14, fold = 1
Running for ISBSG10, rep = 14, fold = 2
Running for ISBSG10, rep = 15, fold = 0
Running for ISBSG10, rep = 15, fold = 1
Running for ISBSG10, rep = 15, fold = 2
Running for ISBSG10, rep = 16, fold = 0
Running for ISBSG10, rep = 16, fold = 1
Running for ISBSG10, rep = 16, fold = 2
Running for ISBSG10, rep = 17, fold = 0
Running for ISBSG10, rep = 17, fold = 1
Running for ISBSG10, rep = 17, fol
### Kitchenhamm (145 projects, 6 decisions)
Running for Kitchenhamm, rep = 1, fold = 0
Running for Kitchenhamm, rep = 1, fold = 1
Running for Kitchenhamm, rep = 1, fold = 2
Running for Kitchenhamm, rep = 1, fold = 3
Running for Kitchenhamm, rep = 1, fold = 4
Running for Kitchenhamm, rep = 1, fold = 5
Running for Kitchenhamm, rep = 1, fold = 6
Running for Kitchenhamm, rep = 1, fold = 7
Running for Kitchenhamm, rep = 1, fold = 8
Running for Kitchenhamm, rep = 1, fold = 9
Running for Kitchenhamm, rep = 2, fold = 0
Running for Kitchenhamm, rep = 2, fold = 1
Running for Kitchenhamm, rep = 2, fold = 2
Running for Kitchenhamm, rep = 2, fold = 3
Running for Kitchenhamm, rep = 2, fold = 4
Running for Kitchenhamm, rep = 2, fold = 5
Running for Kitchenhamm, rep = 2, fold = 6
Running for Kitchenhamm, rep = 2, fold = 7
Running for Kitchenhamm, rep = 2, fold = 8
Running for Kitchenhamm, rep = 2, fold = 9
Running for Kitchenhamm, rep = 3, fold = 0
Running for Kitchenhamm, rep = 3, fold = 1
Running for Kitchenhamm, rep = 3, for Miyazaki, rep = 6, fold = 0
Running for Miyazaki, rep = 6, fold = 1
Running for Miyazaki, rep = 6, fold = 2
Running for Miyazaki, rep = 6, fold = 3
Running for Miyazaki, rep = 6, fold = 4
Running for Miyazaki, rep = 6, fold = 5
Running for Miyazaki, rep = 6, fold = 6
Running for Miyazaki, rep = 6, fold = 7
Running for Miyazaki, rep = 6, fold = 8
Running for Miyazaki, rep = 6, fold = 9
Running for Miyazaki, rep = 7, fold = 0
Running for Miyazaki, rep = 7, fold = 1
Running for Miyazaki, rep = 7, fold = 2
Running for Miyazaki, rep = 7, fold = 3
Running for Miyazaki, rep = 7, fold = 4
Running for Miyazaki, rep = 7, fold = 5
Running for Miyazaki, rep = 7, fold = 6
Running for Miyazaki, rep = 7, fold = 7
Running for Miyazaki, rep = 7, fold = 8
Running for Miyazaki, rep = 7, fold = 9
Running for Miyazaki, rep = 8, fold = 0
Running for Miyazaki, rep = 8, fold = 1
Running for Miyazaki, rep = 8, fold = 2
Running for Miyazaki, rep = 8, fold = 3
Running for Miyazaki, rep = 8, fold = 4
Running for Miyazaki, rep = 8, harnais, rep = 3, fold = 3
Running for Desharnais, rep = 3, fold = 4
Running for Desharnais, rep = 3, fold = 5
Running for Desharnais, rep = 3, fold = 6
Running for Desharnais, rep = 3, fold = 7
Running for Desharnais, rep = 3, fold = 8
Running for Desharnais, rep = 3, fold = 9
Running for Desharnais, rep = 4, fold = 0
Running for Desharnais, rep = 4, fold = 1
Running for Desharnais, rep = 4, fold = 2
Running for Desharnais, rep = 4, fold = 3
Running for Desharnais, rep = 4, fold = 4
Running for Desharnais, rep = 4, fold = 5
Running for Desharnais, rep = 4, fold = 6
Running for Desharnais, rep = 4, fold = 7
Running for Desharnais, rep = 4, fold = 8
Running for Desharnais, rep = 4, fold = 9
Running for Desharnais, rep = 5, fold = 0
Running for Desharnais, rep = 5, fold = 1
Running for Desharnais, rep = 5, fold = 2
Running for Desharnais, rep = 5, fold = 3
Running for Desharnais, rep = 5, fold = 4
Running for Desharnais, rep = 5, fold = 5
Running for Desharnais, rep = 5, fold = 6
Running for Desharnais, rep = 5
### Maxwell (62 projects, 18 decisions)
Running for Maxwell, rep = 1, fold = 0
Running for Maxwell, rep = 1, fold = 1
Running for Maxwell, rep = 1, fold = 2
Running for Maxwell, rep = 1, fold = 3
Running for Maxwell, rep = 1, fold = 4
Running for Maxwell, rep = 1, fold = 5
Running for Maxwell, rep = 1, fold = 6
Running for Maxwell, rep = 1, fold = 7
Running for Maxwell, rep = 1, fold = 8
Running for Maxwell, rep = 1, fold = 9
Running for Maxwell, rep = 2, fold = 0
Running for Maxwell, rep = 2, fold = 1
Running for Maxwell, rep = 2, fold = 2
Running for Maxwell, rep = 2, fold = 3
Running for Maxwell, rep = 2, fold = 4
Running for Maxwell, rep = 2, fold = 5
Running for Maxwell, rep = 2, fold = 6
Running for Maxwell, rep = 2, fold = 7
Running for Maxwell, rep = 2, fold = 8
Running for Maxwell, rep = 2, fold = 9
Running for Maxwell, rep = 3, fold = 0
Running for Maxwell, rep = 3, fold = 1
Running for Maxwell, rep = 3, fold = 2
Running for Maxwell, rep = 3, fold = 3
Running for Maxwell, rep = 3, fold = 4
Running fold = 5
Running for Miyazaki, rep = 8, fold = 6
Running for Miyazaki, rep = 8, fold = 7
Running for Miyazaki, rep = 8, fold = 8
Running for Miyazaki, rep = 8, fold = 9
Running for Miyazaki, rep = 9, fold = 0
Running for Miyazaki, rep = 9, fold = 1
Running for Miyazaki, rep = 9, fold = 2
Running for Miyazaki, rep = 9, fold = 3
Running for Miyazaki, rep = 9, fold = 4
Running for Miyazaki, rep = 9, fold = 5
Running for Miyazaki, rep = 9, fold = 6
Running for Miyazaki, rep = 9, fold = 7
Running for Miyazaki, rep = 9, fold = 8
Running for Miyazaki, rep = 9, fold = 9
Running for Miyazaki, rep = 10, fold = 0
Running for Miyazaki, rep = 10, fold = 1
Running for Miyazaki, rep = 10, fold = 2
Running for Miyazaki, rep = 10, fold = 3
Running for Miyazaki, rep = 10, fold = 4
Running for Miyazaki, rep = 10, fold = 5
Running for Miyazaki, rep = 10, fold = 6
Running for Miyazaki, rep = 10, fold = 7
Running for Miyazaki, rep = 10, fold = 8
Running for Miyazaki, rep = 10, fold = 9
Running for Miyazaki, rep = 11, fold = 0
Runn, fold = 7
Running for Desharnais, rep = 5, fold = 8
Running for Desharnais, rep = 5, fold = 9
Running for Desharnais, rep = 6, fold = 0
Running for Desharnais, rep = 6, fold = 1
Running for Desharnais, rep = 6, fold = 2
Running for Desharnais, rep = 6, fold = 3
Running for Desharnais, rep = 6, fold = 4
Running for Desharnais, rep = 6, fold = 5
Running for Desharnais, rep = 6, fold = 6
Running for Desharnais, rep = 6, fold = 7
Running for Desharnais, rep = 6, fold = 8
Running for Desharnais, rep = 6, fold = 9
Running for Desharnais, rep = 7, fold = 0
Running for Desharnais, rep = 7, fold = 1
Running for Desharnais, rep = 7, fold = 2
Running for Desharnais, rep = 7, fold = 3
Running for Desharnais, rep = 7, fold = 4
Running for Desharnais, rep = 7, fold = 5
Running for Desharnais, rep = 7, fold = 6
Running for Desharnais, rep = 7, fold = 7
Running for Desharnais, rep = 7, fold = 8
Running for Desharnais, rep = 7, fold = 9
Running for Desharnais, rep = 8, fold = 0
Running for Desharnais, rep = 8, fold = 1
Runniing for Miyazaki, rep = 11, fold = 1
Running for Miyazaki, rep = 11, fold = 2
Running for Miyazaki, rep = 11, fold = 3
Running for Miyazaki, rep = 11, fold = 4
Running for Miyazaki, rep = 11, fold = 5
Running for Miyazaki, rep = 11, fold = 6
Running for Miyazaki, rep = 11, fold = 7
Running for Miyazaki, rep = 11, fold = 8
Running for Miyazaki, rep = 11, fold = 9
Running for Miyazaki, rep = 12, fold = 0
Running for Miyazaki, rep = 12, fold = 1
Running for Miyazaki, rep = 12, fold = 2
Running for Miyazaki, rep = 12, fold = 3
Running for Miyazaki, rep = 12, fold = 4
Running for Miyazaki, rep = 12, fold = 5
Running for Miyazaki, rep = 12, fold = 6
Running for Miyazaki, rep = 12, fold = 7
Running for Miyazaki, rep = 12, fold = 8
Running for Miyazaki, rep = 12, fold = 9
Running for Miyazaki, rep = 13, fold = 0
Running for Miyazaki, rep = 13, fold = 1
Running for Miyazaki, rep = 13, fold = 2
Running for Miyazaki, rep = 13, fold = 3
Running for Miyazaki, rep = 13, fold = 4
Running for Miyazaki, rep = 13, fold = 5
Run fold = 2
Running for Kitchenhamm, rep = 3, fold = 3
Running for Kitchenhamm, rep = 3, fold = 4
Running for Kitchenhamm, rep = 3, fold = 5
Running for Kitchenhamm, rep = 3, fold = 6
Running for Kitchenhamm, rep = 3, fold = 7
Running for Kitchenhamm, rep = 3, fold = 8
Running for Kitchenhamm, rep = 3, fold = 9
Running for Kitchenhamm, rep = 4, fold = 0
Running for Kitchenhamm, rep = 4, fold = 1
Running for Kitchenhamm, rep = 4, fold = 2
Running for Kitchenhamm, rep = 4, fold = 3
Running for Kitchenhamm, rep = 4, fold = 4
Running for Kitchenhamm, rep = 4, fold = 5
Running for Kitchenhamm, rep = 4, fold = 6
Running for Kitchenhamm, rep = 4, fold = 7
Running for Kitchenhamm, rep = 4, fold = 8
Running for Kitchenhamm, rep = 4, fold = 9
Running for Kitchenhamm, rep = 5, fold = 0
Running for Kitchenhamm, rep = 5, fold = 1
Running for Kitchenhamm, rep = 5, fold = 2
Running for Kitchenhamm, rep = 5, fold = 3
Running for Kitchenhamm, rep = 5, fold = 4
Running for Kitchenhamm, rep = 5, fold = 5
Running for Kitchenhamm, ning for Miyazaki, rep = 13, fold = 6
Running for Miyazaki, rep = 13, fold = 7
Running for Miyazaki, rep = 13, fold = 8
Running for Miyazaki, rep = 13, fold = 9
Running for Miyazaki, rep = 14, fold = 0
Running for Miyazaki, rep = 14, fold = 1
Running for Miyazaki, rep = 14, fold = 2
Running for Miyazaki, rep = 14, fold = 3
Running for Miyazaki, rep = 14, fold = 4
Running for Miyazaki, rep = 14, fold = 5
Running for Miyazaki, rep = 14, fold = 6
Running for Miyazaki, rep = 14, fold = 7
Running for Miyazaki, rep = 14, fold = 8
Running for Miyazaki, rep = 14, fold = 9
Running for Miyazaki, rep = 15, fold = 0
Running for Miyazaki, rep = 15, fold = 1
Running for Miyazaki, rep = 15, fold = 2
Running for Miyazaki, rep = 15, fold = 3
Running for Miyazaki, rep = 15, fold = 4
Running for Miyazaki, rep = 15, fold = 5
Running for Miyazaki, rep = 15, fold = 6
Running for Miyazaki, rep = 15, fold = 7
Running for Miyazaki, rep = 15, fold = 8
Running for Miyazaki, rep = 15, fold = 9
Running for Miyazaki, rep = 16, fold = 0
Rung for Desharnais, rep = 8, fold = 2
Running for Desharnais, rep = 8, fold = 3
Running for Desharnais, rep = 8, fold = 4
Running for Desharnais, rep = 8, fold = 5
Running for Desharnais, rep = 8, fold = 6
Running for Desharnais, rep = 8, fold = 7
Running for Desharnais, rep = 8, fold = 8
Running for Desharnais, rep = 8, fold = 9
Running for Desharnais, rep = 9, fold = 0
Running for Desharnais, rep = 9, fold = 1
Running for Desharnais, rep = 9, fold = 2
Running for Desharnais, rep = 9, fold = 3
Running for Desharnais, rep = 9, fold = 4
Running for Desharnais, rep = 9, fold = 5
Running for Desharnais, rep = 9, fold = 6
Running for Desharnais, rep = 9, fold = 7
Running for Desharnais, rep = 9, fold = 8
Running for Desharnais, rep = 9, fold = 9
Running for Desharnais, rep = 10, fold = 0
Running for Desharnais, rep = 10, fold = 1
Running for Desharnais, rep = 10, fold = 2
Running for Desharnais, rep = 10, fold = 3
Running for Desharnais, rep = 10, fold = 4
Running for Desharnais, rep = 10, fold = 5
Running for Desfor Maxwell, rep = 3, fold = 5
Running for Maxwell, rep = 3, fold = 6
Running for Maxwell, rep = 3, fold = 7
Running for Maxwell, rep = 3, fold = 8
Running for Maxwell, rep = 3, fold = 9
Running for Maxwell, rep = 4, fold = 0
Running for Maxwell, rep = 4, fold = 1
Running for Maxwell, rep = 4, fold = 2
Running for Maxwell, rep = 4, fold = 3
Running for Maxwell, rep = 4, fold = 4
Running for Maxwell, rep = 4, fold = 5
Running for Maxwell, rep = 4, fold = 6
Running for Maxwell, rep = 4, fold = 7
Running for Maxwell, rep = 4, fold = 8
Running for Maxwell, rep = 4, fold = 9
Running for Maxwell, rep = 5, fold = 0
Running for Maxwell, rep = 5, fold = 1
Running for Maxwell, rep = 5, fold = 2
Running for Maxwell, rep = 5, fold = 3
Running for Maxwell, rep = 5, fold = 4
Running for Maxwell, rep = 5, fold = 5
Running for Maxwell, rep = 5, fold = 6
Running for Maxwell, rep = 5, fold = 7
Running for Maxwell, rep = 5, fold = 8
Running for Maxwell, rep = 5, fold = 9
Running for Maxwell, rep = 6, fold = 0
Running for Maxwelnning for Miyazaki, rep = 16, fold = 1
Running for Miyazaki, rep = 16, fold = 2
Running for Miyazaki, rep = 16, fold = 3
Running for Miyazaki, rep = 16, fold = 4
Running for Miyazaki, rep = 16, fold = 5
Running for Miyazaki, rep = 16, fold = 6
Running for Miyazaki, rep = 16, fold = 7
Running for Miyazaki, rep = 16, fold = 8
Running for Miyazaki, rep = 16, fold = 9
Running for Miyazaki, rep = 17, fold = 0
Running for Miyazaki, rep = 17, fold = 1
Running for Miyazaki, rep = 17, fold = 2
Running for Miyazaki, rep = 17, fold = 3
Running for Miyazaki, rep = 17, fold = 4
Running for Miyazaki, rep = 17, fold = 5
Running for Miyazaki, rep = 17, fold = 6
Running for Miyazaki, rep = 17, fold = 7
Running for Miyazaki, rep = 17, fold = 8
Running for Miyazaki, rep = 17, fold = 9
Running for Miyazaki, rep = 18, fold = 0
Running for Miyazaki, rep = 18, fold = 1
Running for Miyazaki, rep = 18, fold = 2
Running for Miyazaki, rep = 18, fold = 3
Running for Miyazaki, rep = 18, fold = 4
Running for Miyazaki, rep = 18, fold = 5
Rharnais, rep = 10, fold = 6
Running for Desharnais, rep = 10, fold = 7
Running for Desharnais, rep = 10, fold = 8
Running for Desharnais, rep = 10, fold = 9
Running for Desharnais, rep = 11, fold = 0
Running for Desharnais, rep = 11, fold = 1
Running for Desharnais, rep = 11, fold = 2
Running for Desharnais, rep = 11, fold = 3
Running for Desharnais, rep = 11, fold = 4
Running for Desharnais, rep = 11, fold = 5
Running for Desharnais, rep = 11, fold = 6
Running for Desharnais, rep = 11, fold = 7
Running for Desharnais, rep = 11, fold = 8
Running for Desharnais, rep = 11, fold = 9
Running for Desharnais, rep = 12, fold = 0
Running for Desharnais, rep = 12, fold = 1
Running for Desharnais, rep = 12, fold = 2
Running for Desharnais, rep = 12, fold = 3
Running for Desharnais, rep = 12, fold = 4
Running for Desharnais, rep = 12, fold = 5
Running for Desharnais, rep = 12, fold = 6
Running for Desharnais, rep = 12, fold = 7
Running for Desharnais, rep = 12, fold = 8
Running for Desharnais, rep = 12, fold = 9
Runningrep = 5, fold = 6
Running for Kitchenhamm, rep = 5, fold = 7
Running for Kitchenhamm, rep = 5, fold = 8
Running for Kitchenhamm, rep = 5, fold = 9
Running for Kitchenhamm, rep = 6, fold = 0
Running for Kitchenhamm, rep = 6, fold = 1
Running for Kitchenhamm, rep = 6, fold = 2
Running for Kitchenhamm, rep = 6, fold = 3
Running for Kitchenhamm, rep = 6, fold = 4
Running for Kitchenhamm, rep = 6, fold = 5
Running for Kitchenhamm, rep = 6, fold = 6
Running for Kitchenhamm, rep = 6, fold = 7
Running for Kitchenhamm, rep = 6, fold = 8
Running for Kitchenhamm, rep = 6, fold = 9
Running for Kitchenhamm, rep = 7, fold = 0
Running for Kitchenhamm, rep = 7, fold = 1
Running for Kitchenhamm, rep = 7, fold = 2
Running for Kitchenhamm, rep = 7, fold = 3
Running for Kitchenhamm, rep = 7, fold = 4
Running for Kitchenhamm, rep = 7, fold = 5
Running for Kitchenhamm, rep = 7, fold = 6
Running for Kitchenhamm, rep = 7, fold = 7
Running for Kitchenhamm, rep = 7, fold = 8
Running for Kitchenhamm, rep = 7, fold = 9
Running for Kitch for Desharnais, rep = 13, fold = 0
Running for Desharnais, rep = 13, fold = 1
Running for Desharnais, rep = 13, fold = 2
Running for Desharnais, rep = 13, fold = 3
Running for Desharnais, rep = 13, fold = 4
Running for Desharnais, rep = 13, fold = 5
Running for Desharnais, rep = 13, fold = 6
Running for Desharnais, rep = 13, fold = 7
Running for Desharnais, rep = 13, fold = 8
Running for Desharnais, rep = 13, fold = 9
Running for Desharnais, rep = 14, fold = 0
Running for Desharnais, rep = 14, fold = 1
Running for Desharnais, rep = 14, fold = 2
Running for Desharnais, rep = 14, fold = 3
Running for Desharnais, rep = 14, fold = 4
Running for Desharnais, rep = 14, fold = 5
Running for Desharnais, rep = 14, fold = 6
Running for Desharnais, rep = 14, fold = 7
Running for Desharnais, rep = 14, fold = 8
Running for Desharnais, rep = 14, fold = 9
Running for Desharnais, rep = 15, fold = 0
Running for Desharnais, rep = 15, fold = 1
Running for Desharnais, rep = 15, fold = 2
Running for Desharnais, rep = 15, fold = 3l, rep = 6, fold = 1
Running for Maxwell, rep = 6, fold = 2
Running for Maxwell, rep = 6, fold = 3
Running for Maxwell, rep = 6, fold = 4
Running for Maxwell, rep = 6, fold = 5
Running for Maxwell, rep = 6, fold = 6
Running for Maxwell, rep = 6, fold = 7
Running for Maxwell, rep = 6, fold = 8
Running for Maxwell, rep = 6, fold = 9
Running for Maxwell, rep = 7, fold = 0
Running for Maxwell, rep = 7, fold = 1
Running for Maxwell, rep = 7, fold = 2
Running for Maxwell, rep = 7, fold = 3
Running for Maxwell, rep = 7, fold = 4
Running for Maxwell, rep = 7, fold = 5
Running for Maxwell, rep = 7, fold = 6
Running for Maxwell, rep = 7, fold = 7
Running for Maxwell, rep = 7, fold = 8
Running for Maxwell, rep = 7, fold = 9
Running for Maxwell, rep = 8, fold = 0
Running for Maxwell, rep = 8, fold = 1
Running for Maxwell, rep = 8, fold = 2
Running for Maxwell, rep = 8, fold = 3
Running for Maxwell, rep = 8, fold = 4
Running for Maxwell, rep = 8, fold = 5
Running for Maxwell, rep = 8, fold = 6
Running for Maxwell, rep = 8
### China (499 projects, 6 decisions)
Running for China, rep = 1, fold = 0
Running for China, rep = 1, fold = 1
Running for China, rep = 1, fold = 2
Running for China, rep = 1, fold = 3
Running for China, rep = 1, fold = 4
Running for China, rep = 1, fold = 5
Running for China, rep = 1, fold = 6
Running for China, rep = 1, fold = 7
Running for China, rep = 1, fold = 8
Running for China, rep = 1, fold = 9
Running for China, rep = 2, fold = 0
Running for China, rep = 2, fold = 1
Running for China, rep = 2, fold = 2
Running for China, rep = 2, fold = 3
Running for China, rep = 2, fold = 4
Running for China, rep = 2, fold = 5
Running for China, rep = 2, fold = 6
Running for China, rep = 2, fold = 7
Running for China, rep = 2, fold = 8
Running for China, rep = 2, fold = 9
Running for China, rep = 3, fold = 0
Running for China, rep = 3, fold = 1
Running for China, rep = 3, fold = 2
Running for China, rep = 3, fold = 3
Running for China, rep = 3, fold = 4
Running for China, rep = 3, fold = 5
Running for China, rep 
Running for Desharnais, rep = 15, fold = 4
Running for Desharnais, rep = 15, fold = 5
Running for Desharnais, rep = 15, fold = 6
Running for Desharnais, rep = 15, fold = 7
Running for Desharnais, rep = 15, fold = 8
Running for Desharnais, rep = 15, fold = 9
Running for Desharnais, rep = 16, fold = 0
Running for Desharnais, rep = 16, fold = 1
Running for Desharnais, rep = 16, fold = 2
Running for Desharnais, rep = 16, fold = 3
Running for Desharnais, rep = 16, fold = 4
Running for Desharnais, rep = 16, fold = 5
Running for Desharnais, rep = 16, fold = 6
Running for Desharnais, rep = 16, fold = 7
Running for Desharnais, rep = 16, fold = 8
Running for Desharnais, rep = 16, fold = 9
Running for Desharnais, rep = 17, fold = 0
Running for Desharnais, rep = 17, fold = 1
Running for Desharnais, rep = 17, fold = 2
Running for Desharnais, rep = 17, fold = 3
Running for Desharnais, rep = 17, fold = 4
Running for Desharnais, rep = 17, fold = 5
Running for Desharnais, rep = 17, fold = 6
Running for Desharnais, rep = 17, enhamm, rep = 8, fold = 0
Running for Kitchenhamm, rep = 8, fold = 1
Running for Kitchenhamm, rep = 8, fold = 2
Running for Kitchenhamm, rep = 8, fold = 3
Running for Kitchenhamm, rep = 8, fold = 4
Running for Kitchenhamm, rep = 8, fold = 5
Running for Kitchenhamm, rep = 8, fold = 6
Running for Kitchenhamm, rep = 8, fold = 7
Running for Kitchenhamm, rep = 8, fold = 8
Running for Kitchenhamm, rep = 8, fold = 9
Running for Kitchenhamm, rep = 9, fold = 0
Running for Kitchenhamm, rep = 9, fold = 1
Running for Kitchenhamm, rep = 9, fold = 2
Running for Kitchenhamm, rep = 9, fold = 3
Running for Kitchenhamm, rep = 9, fold = 4
Running for Kitchenhamm, rep = 9, fold = 5
Running for Kitchenhamm, rep = 9, fold = 6
Running for Kitchenhamm, rep = 9, fold = 7
Running for Kitchenhamm, rep = 9, fold = 8
Running for Kitchenhamm, rep = 9, fold = 9
Running for Kitchenhamm, rep = 10, fold = 0
Running for Kitchenhamm, rep = 10, fold = 1
Running for Kitchenhamm, rep = 10, fold = 2
Running for Kitchenhamm, rep = 10, fold = 3
Runnifold = 7
Running for Desharnais, rep = 17, fold = 8
Running for Desharnais, rep = 17, fold = 9
Running for Desharnais, rep = 18, fold = 0
Running for Desharnais, rep = 18, fold = 1
Running for Desharnais, rep = 18, fold = 2
Running for Desharnais, rep = 18, fold = 3
Running for Desharnais, rep = 18, fold = 4
Running for Desharnais, rep = 18, fold = 5
Running for Desharnais, rep = 18, fold = 6
Running for Desharnais, rep = 18, fold = 7
Running for Desharnais, rep = 18, fold = 8
Running for Desharnais, rep = 18, fold = 9
Running for Desharnais, rep = 19, fold = 0
Running for Desharnais, rep = 19, fold = 1
Running for Desharnais, rep = 19, fold = 2
Running for Desharnais, rep = 19, fold = 3
Running for Desharnais, rep = 19, fold = 4
Running for Desharnais, rep = 19, fold = 5
Running for Desharnais, rep = 19, fold = 6
Running for Desharnais, rep = 19, fold = 7
Running for Desharnais, rep = 19, fold = 8
Running for Desharnais, rep = 19, fold = 9
Running for Desharnais, rep = 20, fold = 0
Running for Desharnais, re, fold = 7
Running for Maxwell, rep = 8, fold = 8
Running for Maxwell, rep = 8, fold = 9
Running for Maxwell, rep = 9, fold = 0
Running for Maxwell, rep = 9, fold = 1
Running for Maxwell, rep = 9, fold = 2
Running for Maxwell, rep = 9, fold = 3
Running for Maxwell, rep = 9, fold = 4
Running for Maxwell, rep = 9, fold = 5
Running for Maxwell, rep = 9, fold = 6
Running for Maxwell, rep = 9, fold = 7
Running for Maxwell, rep = 9, fold = 8
Running for Maxwell, rep = 9, fold = 9
Running for Maxwell, rep = 10, fold = 0
Running for Maxwell, rep = 10, fold = 1
Running for Maxwell, rep = 10, fold = 2
Running for Maxwell, rep = 10, fold = 3
Running for Maxwell, rep = 10, fold = 4
Running for Maxwell, rep = 10, fold = 5
Running for Maxwell, rep = 10, fold = 6
Running for Maxwell, rep = 10, fold = 7
Running for Maxwell, rep = 10, fold = 8
Running for Maxwell, rep = 10, fold = 9
Running for Maxwell, rep = 11, fold = 0
Running for Maxwell, rep = 11, fold = 1
Running for Maxwell, rep = 11, fold = 2
Running for Maxwell, rep ng for Kitchenhamm, rep = 10, fold = 4
Running for Kitchenhamm, rep = 10, fold = 5
Running for Kitchenhamm, rep = 10, fold = 6
Running for Kitchenhamm, rep = 10, fold = 7
Running for Kitchenhamm, rep = 10, fold = 8
Running for Kitchenhamm, rep = 10, fold = 9
Running for Kitchenhamm, rep = 11, fold = 0
Running for Kitchenhamm, rep = 11, fold = 1
Running for Kitchenhamm, rep = 11, fold = 2
Running for Kitchenhamm, rep = 11, fold = 3
Running for Kitchenhamm, rep = 11, fold = 4
Running for Kitchenhamm, rep = 11, fold = 5
Running for Kitchenhamm, rep = 11, fold = 6
Running for Kitchenhamm, rep = 11, fold = 7
Running for Kitchenhamm, rep = 11, fold = 8
Running for Kitchenhamm, rep = 11, fold = 9
Running for Kitchenhamm, rep = 12, fold = 0
Running for Kitchenhamm, rep = 12, fold = 1
Running for Kitchenhamm, rep = 12, fold = 2
Running for Kitchenhamm, rep = 12, fold = 3
Running for Kitchenhamm, rep = 12, fold = 4
Running for Kitchenhamm, rep = 12, fold = 5
Running for Kitchenhamm, rep = 12, fold = 6
Running for Kitch= 11, fold = 3
Running for Maxwell, rep = 11, fold = 4
Running for Maxwell, rep = 11, fold = 5
Running for Maxwell, rep = 11, fold = 6
Running for Maxwell, rep = 11, fold = 7
Running for Maxwell, rep = 11, fold = 8
Running for Maxwell, rep = 11, fold = 9
Running for Maxwell, rep = 12, fold = 0
Running for Maxwell, rep = 12, fold = 1
Running for Maxwell, rep = 12, fold = 2
Running for Maxwell, rep = 12, fold = 3
Running for Maxwell, rep = 12, fold = 4
Running for Maxwell, rep = 12, fold = 5
Running for Maxwell, rep = 12, fold = 6
Running for Maxwell, rep = 12, fold = 7
Running for Maxwell, rep = 12, fold = 8
Running for Maxwell, rep = 12, fold = 9
Running for Maxwell, rep = 13, fold = 0
Running for Maxwell, rep = 13, fold = 1
Running for Maxwell, rep = 13, fold = 2
Running for Maxwell, rep = 13, fold = 3
Running for Maxwell, rep = 13, fold = 4
Running for Maxwell, rep = 13, fold = 5
Running for Maxwell, rep = 13, fold = 6
Running for Maxwell, rep = 13, fold = 7
Running for Maxwell, rep = 13, fold = 8
Running fenhamm, rep = 12, fold = 7
Running for Kitchenhamm, rep = 12, fold = 8
Running for Kitchenhamm, rep = 12, fold = 9
Running for Kitchenhamm, rep = 13, fold = 0
Running for Kitchenhamm, rep = 13, fold = 1
Running for Kitchenhamm, rep = 13, fold = 2
Running for Kitchenhamm, rep = 13, fold = 3
Running for Kitchenhamm, rep = 13, fold = 4
Running for Kitchenhamm, rep = 13, fold = 5
Running for Kitchenhamm, rep = 13, fold = 6
Running for Kitchenhamm, rep = 13, fold = 7
Running for Kitchenhamm, rep = 13, fold = 8
Running for Kitchenhamm, rep = 13, fold = 9
Running for Kitchenhamm, rep = 14, fold = 0
Running for Kitchenhamm, rep = 14, fold = 1
Running for Kitchenhamm, rep = 14, fold = 2
Running for Kitchenhamm, rep = 14, fold = 3
Running for Kitchenhamm, rep = 14, fold = 4
Running for Kitchenhamm, rep = 14, fold = 5
Running for Kitchenhamm, rep = 14, fold = 6
Running for Kitchenhamm, rep = 14, fold = 7
Running for Kitchenhamm, rep = 14, fold = 8
Running for Kitchenhamm, rep = 14, fold = 9
Running for Kitchenhamm, rep or Maxwell, rep = 13, fold = 9
Running for Maxwell, rep = 14, fold = 0
Running for Maxwell, rep = 14, fold = 1
Running for Maxwell, rep = 14, fold = 2
Running for Maxwell, rep = 14, fold = 3
Running for Maxwell, rep = 14, fold = 4
Running for Maxwell, rep = 14, fold = 5
Running for Maxwell, rep = 14, fold = 6
Running for Maxwell, rep = 14, fold = 7
Running for Maxwell, rep = 14, fold = 8
Running for Maxwell, rep = 14, fold = 9
Running for Maxwell, rep = 15, fold = 0
Running for Maxwell, rep = 15, fold = 1
Running for Maxwell, rep = 15, fold = 2
Running for Maxwell, rep = 15, fold = 3
Running for Maxwell, rep = 15, fold = 4
Running for Maxwell, rep = 15, fold = 5
Running for Maxwell, rep = 15, fold = 6
Running for Maxwell, rep = 15, fold = 7
Running for Maxwell, rep = 15, fold = 8
Running for Maxwell, rep = 15, fold = 9
Running for Maxwell, rep = 16, fold = 0
Running for Maxwell, rep = 16, fold = 1
Running for Maxwell, rep = 16, fold = 2
Running for Maxwell, rep = 16, fold = 3
Running for Maxwell, rep = 16, fo= 15, fold = 0
Running for Kitchenhamm, rep = 15, fold = 1
Running for Kitchenhamm, rep = 15, fold = 2
Running for Kitchenhamm, rep = 15, fold = 3
Running for Kitchenhamm, rep = 15, fold = 4
Running for Kitchenhamm, rep = 15, fold = 5
Running for Kitchenhamm, rep = 15, fold = 6
Running for Kitchenhamm, rep = 15, fold = 7
Running for Kitchenhamm, rep = 15, fold = 8
Running for Kitchenhamm, rep = 15, fold = 9
Running for Kitchenhamm, rep = 16, fold = 0
Running for Kitchenhamm, rep = 16, fold = 1
Running for Kitchenhamm, rep = 16, fold = 2
Running for Kitchenhamm, rep = 16, fold = 3
Running for Kitchenhamm, rep = 16, fold = 4
Running for Kitchenhamm, rep = 16, fold = 5
Running for Kitchenhamm, rep = 16, fold = 6
Running for Kitchenhamm, rep = 16, fold = 7
Running for Kitchenhamm, rep = 16, fold = 8
Running for Kitchenhamm, rep = 16, fold = 9
Running for Kitchenhamm, rep = 17, fold = 0
Running for Kitchenhamm, rep = 17, fold = 1
Running for Kitchenhamm, rep = 17, fold = 2
Running for Kitchenhamm, rep = 17, fold == 3, fold = 6
Running for China, rep = 3, fold = 7
Running for China, rep = 3, fold = 8
Running for China, rep = 3, fold = 9
Running for China, rep = 4, fold = 0
Running for China, rep = 4, fold = 1
Running for China, rep = 4, fold = 2
Running for China, rep = 4, fold = 3
Running for China, rep = 4, fold = 4
Running for China, rep = 4, fold = 5
Running for China, rep = 4, fold = 6
Running for China, rep = 4, fold = 7
Running for China, rep = 4, fold = 8
Running for China, rep = 4, fold = 9
Running for China, rep = 5, fold = 0
Running for China, rep = 5, fold = 1
Running for China, rep = 5, fold = 2
Running for China, rep = 5, fold = 3
Running for China, rep = 5, fold = 4
Running for China, rep = 5, fold = 5
Running for China, rep = 5, fold = 6
Running for China, rep = 5, fold = 7
Running for China, rep = 5, fold = 8
Running for China, rep = 5, fold = 9
Running for China, rep = 6, fold = 0
Running for China, rep = 6, fold = 1
Running for China, rep = 6, fold = 2
Running for China, rep = 6, fold = 3
Running for 3
Running for Kitchenhamm, rep = 17, fold = 4
Running for Kitchenhamm, rep = 17, fold = 5
Running for Kitchenhamm, rep = 17, fold = 6
Running for Kitchenhamm, rep = 17, fold = 7
Running for Kitchenhamm, rep = 17, fold = 8
Running for Kitchenhamm, rep = 17, fold = 9
Running for Kitchenhamm, rep = 18, fold = 0
Running for Kitchenhamm, rep = 18, fold = 1
Running for Kitchenhamm, rep = 18, fold = 2
Running for Kitchenhamm, rep = 18, fold = 3
Running for Kitchenhamm, rep = 18, fold = 4
Running for Kitchenhamm, rep = 18, fold = 5
Running for Kitchenhamm, rep = 18, fold = 6
Running for Kitchenhamm, rep = 18, fold = 7
Running for Kitchenhamm, rep = 18, fold = 8
Running for Kitchenhamm, rep = 18, fold = 9
Running for Kitchenhamm, rep = 19, fold = 0
Running for Kitchenhamm, rep = 19, fold = 1
Running for Kitchenhamm, rep = 19, fold = 2
Running for Kitchenhamm, rep = 19, fold = 3
Running for Kitchenhamm, rep = 19, fold = 4
Running for Kitchenhamm, rep = 19, fold = 5
Running for Kitchenhamm, rep = 19, fold = 6
Running fld = 4
Running for Maxwell, rep = 16, fold = 5
Running for Maxwell, rep = 16, fold = 6
Running for Maxwell, rep = 16, fold = 7
Running for Maxwell, rep = 16, fold = 8
Running for Maxwell, rep = 16, fold = 9
Running for Maxwell, rep = 17, fold = 0
Running for Maxwell, rep = 17, fold = 1
Running for Maxwell, rep = 17, fold = 2
Running for Maxwell, rep = 17, fold = 3
Running for Maxwell, rep = 17, fold = 4
Running for Maxwell, rep = 17, fold = 5
Running for Maxwell, rep = 17, fold = 6
Running for Maxwell, rep = 17, fold = 7
Running for Maxwell, rep = 17, fold = 8
Running for Maxwell, rep = 17, fold = 9
Running for Maxwell, rep = 18, fold = 0
Running for Maxwell, rep = 18, fold = 1
Running for Maxwell, rep = 18, fold = 2
Running for Maxwell, rep = 18, fold = 3
Running for Maxwell, rep = 18, fold = 4
Running for Maxwell, rep = 18, fold = 5
Running for Maxwell, rep = 18, fold = 6
Running for Maxwell, rep = 18, fold = 7
Running for Maxwell, rep = 18, fold = 8
Running for Maxwell, rep = 18, fold = 9
Running for Maxwe China, rep = 6, fold = 4
Running for China, rep = 6, fold = 5
Running for China, rep = 6, fold = 6
Running for China, rep = 6, fold = 7
Running for China, rep = 6, fold = 8
Running for China, rep = 6, fold = 9
Running for China, rep = 7, fold = 0
Running for China, rep = 7, fold = 1
Running for China, rep = 7, fold = 2
Running for China, rep = 7, fold = 3
Running for China, rep = 7, fold = 4
Running for China, rep = 7, fold = 5
Running for China, rep = 7, fold = 6
Running for China, rep = 7, fold = 7
Running for China, rep = 7, fold = 8
Running for China, rep = 7, fold = 9
Running for China, rep = 8, fold = 0
Running for China, rep = 8, fold = 1
Running for China, rep = 8, fold = 2
Running for China, rep = 8, fold = 3
Running for China, rep = 8, fold = 4
Running for China, rep = 8, fold = 5
Running for China, rep = 8, fold = 6
Running for China, rep = 8, fold = 7
Running for China, rep = 8, fold = 8
Running for China, rep = 8, fold = 9
Running for China, rep = 9, fold = 0
Running for China, rep = 9, fold = 1
Running for China, rep = 9, fold = 2
Running for China, rep = 9, fold = 3
Running for China, rep = 9, fold = 4
Running for China, rep = 9, fold = 5
Running for China, rep = 9, fold = 6
Running for China, rep = 9, fold = 7
Running for China, rep = 9, fold = 8
Running for China, rep = 9, fold = 9
Running for China, rep = 10, fold = 0
Running for China, rep = 10, fold = 1
Running for China, rep = 10, fold = 2
Running for China, rep = 10, fold = 3
Running for China, rep = 10, fold = 4
Running for China, rep = 10, fold = 5
Running for China, rep = 10, fold = 6
Running for China, rep = 10, fold = 7
Running for China, rep = 10, fold = 8
Running for China, rep = 10, fold = 9
Running for China, rep = 11, fold = 0
Running for China, rep = 11, fold = 1
Running for China, rep = 11, fold = 2
Running for China, rep = 11, fold = 3
Running for China, rep = 11, fold = 4
Running for China, rep = 11, fold = 5
Running for China, rep = 11, fold = 6
Running for China, rep = 11, fold = 7
Running for China, rep = 11, fold = 8
Running for China, rep = 11, fold = 9
Running for China, rep = 12, fold = 0
Running for China, rep = 12, fold = 1
Running for China, rep = 12, fold = 2
Running for China, rep = 12, fold = 3
Running for China, rep = 12, fold = 4
Running for China, rep = 12, fold = 5
Running for China, rep = 12, fold = 6
Running for China, rep = 12, fold = 7
Running for China, rep = 12, fold = 8
Running for China, rep = 12, fold = 9
Running for China, rep = 13, fold = 0
Running for China, rep = 13, fold = 1
Running for China, rep = 13, fold = 2
Running for China, rep = 13, fold = 3
Running for China, rep = 13, fold = 4
Running for China, rep = 13, fold = 5
Running for China, rep = 13, fold = 6
Running for China, rep = 13, fold = 7
Running for China, rep = 13, fold = 8
Running for China, rep = 13, fold = 9
Running for China, rep = 14, fold = 0
Running for China, rep = 14, fold = 1
Running for China, rep = 14, fold = 2
Running for China, rep = 14, fold = 3
Running for China, rep = 14, fold = 4
Running for China, rep = 14, fold = 5
Running for China, rep = 14, fold = 6
Running for China, rep = 14, fold = 7
Running for China, rep = 14, fold = 8
Running for China, rep = 14, fold = 9
Running for China, rep = 15, fold = 0
Running for China, rep = 15, fold = 1
Running for China, rep = 15, fold = 2
Running for China, rep = 15, fold = 3
Running for China, rep = 15, fold = 4
Running for China, rep = 15, fold = 5
Running for China, rep = 15, fold = 6
Running for China, rep = 15, fold = 7
Running for China, rep = 15, fold = 8
Running for China, rep = 15, fold = 9
Running for China, rep = 16, fold = 0
Running for China, rep = 16, fold = 1
Running for China, rep = 16, fold = 2
Running for China, rep = 16, fold = 3
Running for China, rep = 16, fold = 4
Running for China, rep = 16, fold = 5
Running for China, rep = 16, fold = 6
Running for China, rep = 16, fold = 7
Running for China, rep = 16, fold = 8
Running for China, rep = 16, fold = 9
Running for China, rep = 17, fold = 0
Running for China, rep = 17, fold = 1
Running for China, rep = 17, fold = 2
Running for China, rep = 17, fold = 3
Running for China, rep = 17, fold = 4
Running for China, rep = 17, fold = 5
Running for China, rep = 17, fold = 6
Running for China, rep = 17, fold = 7
Running for China, rep = 17, fold = 8
Running for China, rep = 17, fold = 9
Running for China, rep = 18, fold = 0
Running for China, rep = 18, fold = 1
Running for China, rep = 18, fold = 2
Running for China, rep = 18, fold = 3
Running for China, rep = 18, fold = 4
Running for China, rep = 18, fold = 5
Running for China, rep = 18, fold = 6
Running for China, rep = 18, fold = 7
Running for China, rep = 18, fold = 8
Running for China, rep = 18, fold = 9
Running for China, rep = 19, fold = 0
Running for China, rep = 19, fold = 1
Running for China, rep = 19, fold = 2
Running for China, rep = 19, fold = 3
Running for China, rep = 19, fold = 4
Running for China, rep = 19, fold = 5
Running for China, rep = 19, fold = 6
Running for China, rep = 19, fold = 7
Running for China, rep = 19, fold = 8
Running for China, rep = 19, fold = 9 = 2
Running for Kemerer, rep = 18, fold = 0
Running for Kemerer, rep = 18, fold = 1
Running for Kemerer, rep = 18, fold = 2
Running for Kemerer, rep = 19, fold = 0
Running for Kemerer, rep = 19, fold = 1
Running for Kemerer, rep = 19, fold = 2
Running for Kemerer, rep = 20, fold = 0
Running for Kemerer, rep = 20, fold = 1
Running for Kemerer, rep = 20, fold = 2
 = 2
Running for Finnish, rep = 18, fold = 0
Running for Finnish, rep = 18, fold = 1
Running for Finnish, rep = 18, fold = 2
Running for Finnish, rep = 19, fold = 0
Running for Finnish, rep = 19, fold = 1
Running for Finnish, rep = 19, fold = 2
Running for Finnish, rep = 20, fold = 0
Running for Finnish, rep = 20, fold = 1
Running for Finnish, rep = 20, fold = 2
d = 2
Running for ISBSG10, rep = 18, fold = 0
Running for ISBSG10, rep = 18, fold = 1
Running for ISBSG10, rep = 18, fold = 2
Running for ISBSG10, rep = 19, fold = 0
Running for ISBSG10, rep = 19, fold = 1
Running for ISBSG10, rep = 19, fold = 2
Running for ISBSG10, rep = 20, fold = 0
Running for ISBSG10, rep = 20, fold = 1
Running for ISBSG10, rep = 20, fold = 2
 = 17, fold = 1
Running for Albrecht, rep = 17, fold = 2
Running for Albrecht, rep = 18, fold = 0
Running for Albrecht, rep = 18, fold = 1
Running for Albrecht, rep = 18, fold = 2
Running for Albrecht, rep = 19, fold = 0
Running for Albrecht, rep = 19, fold = 1
Running for Albrecht, rep = 19, fold = 2
Running for Albrecht, rep = 20, fold = 0
Running for Albrecht, rep = 20, fold = 1
Running for Albrecht, rep = 20, fold = 2
unning for Miyazaki, rep = 18, fold = 6
Running for Miyazaki, rep = 18, fold = 7
Running for Miyazaki, rep = 18, fold = 8
Running for Miyazaki, rep = 18, fold = 9
Running for Miyazaki, rep = 19, fold = 0
Running for Miyazaki, rep = 19, fold = 1
Running for Miyazaki, rep = 19, fold = 2
Running for Miyazaki, rep = 19, fold = 3
Running for Miyazaki, rep = 19, fold = 4
Running for Miyazaki, rep = 19, fold = 5
Running for Miyazaki, rep = 19, fold = 6
Running for Miyazaki, rep = 19, fold = 7
Running for Miyazaki, rep = 19, fold = 8
Running for Miyazaki, rep = 19, fold = 9
Running for Miyazaki, rep = 20, fold = 0
Running for Miyazaki, rep = 20, fold = 1
Running for Miyazaki, rep = 20, fold = 2
Running for Miyazaki, rep = 20, fold = 3
Running for Miyazaki, rep = 20, fold = 4
Running for Miyazaki, rep = 20, fold = 5
Running for Miyazaki, rep = 20, fold = 6
Running for Miyazaki, rep = 20, fold = 7
Running for Miyazaki, rep = 20, fold = 8
Running for Miyazaki, rep = 20, fold = 9
p = 20, fold = 1
Running for Desharnais, rep = 20, fold = 2
Running for Desharnais, rep = 20, fold = 3
Running for Desharnais, rep = 20, fold = 4
Running for Desharnais, rep = 20, fold = 5
Running for Desharnais, rep = 20, fold = 6
Running for Desharnais, rep = 20, fold = 7
Running for Desharnais, rep = 20, fold = 8
Running for Desharnais, rep = 20, fold = 9
ll, rep = 19, fold = 0
Running for Maxwell, rep = 19, fold = 1
Running for Maxwell, rep = 19, fold = 2
Running for Maxwell, rep = 19, fold = 3
Running for Maxwell, rep = 19, fold = 4
Running for Maxwell, rep = 19, fold = 5
Running for Maxwell, rep = 19, fold = 6
Running for Maxwell, rep = 19, fold = 7
Running for Maxwell, rep = 19, fold = 8
Running for Maxwell, rep = 19, fold = 9
Running for Maxwell, rep = 20, fold = 0
Running for Maxwell, rep = 20, fold = 1
Running for Maxwell, rep = 20, fold = 2
Running for Maxwell, rep = 20, fold = 3
Running for Maxwell, rep = 20, fold = 4
Running for Maxwell, rep = 20, fold = 5
Running for Maxwell, rep = 20, fold = 6
Running for Maxwell, rep = 20, fold = 7
Running for Maxwell, rep = 20, fold = 8
Running for Maxwell, rep = 20, fold = 9
or Kitchenhamm, rep = 19, fold = 7
Running for Kitchenhamm, rep = 19, fold = 8
Running for Kitchenhamm, rep = 19, fold = 9
Running for Kitchenhamm, rep = 20, fold = 0
Running for Kitchenhamm, rep = 20, fold = 1
Running for Kitchenhamm, rep = 20, fold = 2
Running for Kitchenhamm, rep = 20, fold = 3
Running for Kitchenhamm, rep = 20, fold = 4
Running for Kitchenhamm, rep = 20, fold = 5
Running for Kitchenhamm, rep = 20, fold = 6
Running for Kitchenhamm, rep = 20, fold = 7
Running for Kitchenhamm, rep = 20, fold = 8
Running for Kitchenhamm, rep = 20, fold = 9

Running for China, rep = 20, fold = 0
Running for China, rep = 20, fold = 1
Running for China, rep = 20, fold = 2
Running for China, rep = 20, fold = 3
Running for China, rep = 20, fold = 4
Running for China, rep = 20, fold = 5
Running for China, rep = 20, fold = 6
Running for China, rep = 20, fold = 7
Running for China, rep = 20, fold = 8
Running for China, rep = 20, fold = 9
